<?xml version="1.0" encoding="UTF-8"?>
<!-- Generated by org.testng.reporters.JUnitReportReporter -->
<testsuite hostname="DESKTOP-U33RH9G" failures="0" tests="4" name="demo.TestNGGroupsDemo" time="0.094" errors="0" timestamp="2023-10-10T12:47:30 NZDT" skipped="0">
  <testcase classname="demo.TestNGGroupsDemo" name="test4" time="0.003"/>
  <testcase classname="demo.TestNGGroupsDemo" name="test3" time="0.034"/>
  <testcase classname="demo.TestNGGroupsDemo" name="test2" time="0.007"/>
  <testcase classname="demo.TestNGGroupsDemo" name="test1" time="0.050"/>
</testsuite> <!-- demo.TestNGGroupsDemo -->
