<?xml version="1.0" encoding="UTF-8"?>
<!-- Generated by org.testng.reporters.JUnitReportReporter -->
<testsuite hostname="DESKTOP-U33RH9G" failures="0" tests="1" name="demo.Test1" time="16.531" errors="0" timestamp="2023-10-10T21:17:16 NZDT" skipped="0">
  <testcase classname="demo.Test1" name="test1" time="16.531"/>
</testsuite> <!-- demo.Test1 -->
