<?xml version="1.0" encoding="UTF-8"?>
<!-- Generated by org.testng.reporters.JUnitReportReporter -->
<testsuite hostname="DESKTOP-U33RH9G" failures="0" tests="3" name="demo.TestNGPriorityDemo" time="0.034" errors="0" timestamp="2023-10-10T11:45:16 NZDT" skipped="0">
  <testcase classname="demo.TestNGPriorityDemo" name="one" time="0.021"/>
  <testcase classname="demo.TestNGPriorityDemo" name="two" time="0.009"/>
  <testcase classname="demo.TestNGPriorityDemo" name="three" time="0.004"/>
</testsuite> <!-- demo.TestNGPriorityDemo -->
