<?xml version="1.0" encoding="UTF-8"?>
<!-- Generated by org.testng.reporters.JUnitReportReporter -->
<testsuite hostname="DESKTOP-U33RH9G" failures="0" tests="3" name="demo.TestNGDependencyDemo" time="0.058" errors="0" timestamp="2023-10-10T13:36:28 NZDT" skipped="0">
  <testcase classname="demo.TestNGDependencyDemo" name="test1" time="0.010"/>
  <testcase classname="demo.TestNGDependencyDemo" name="test2" time="0.045"/>
  <testcase classname="demo.TestNGDependencyDemo" name="test3" time="0.003"/>
</testsuite> <!-- demo.TestNGDependencyDemo -->
