<?xml version="1.0" encoding="UTF-8"?>
<!-- Generated by org.testng.reporters.JUnitReportReporter -->
<testsuite hostname="DESKTOP-U33RH9G" failures="0" tests="2" name="demo.TestNGIgnoreDemo" time="0.031" errors="0" timestamp="2023-10-10T13:41:33 NZDT" skipped="1">
  <testcase classname="demo.TestNGIgnoreDemo" name="test2" time="0.031"/>
  <testcase classname="demo.TestNGIgnoreDemo" name="test1">
    <skipped/>
  </testcase> <!-- test1 -->
</testsuite> <!-- demo.TestNGIgnoreDemo -->
