<?xml version="1.0" encoding="UTF-8"?>
<!-- Generated by org.testng.reporters.JUnitReportReporter -->
<testsuite hostname="DESKTOP-U33RH9G" failures="0" tests="1" name="demo.TestNGParameterDemo" time="0.024" errors="0" timestamp="2023-10-10T13:04:05 NZDT" skipped="0">
  <testcase classname="demo.TestNGParameterDemo" name="test" time="0.024"/>
</testsuite> <!-- demo.TestNGParameterDemo -->
