<?xml version="1.0" encoding="UTF-8"?>
<!-- Generated by org.testng.reporters.JUnitReportReporter -->
<testsuite hostname="DESKTOP-U33RH9G" failures="0" tests="2" name="SeleniumTest.ExtentReportsDemowithTestNG" time="4.837" errors="0" timestamp="2023-10-05T19:47:48 NZDT" skipped="0">
  <testcase classname="SeleniumTest.ExtentReportsDemowithTestNG" name="test2" time="1.300"/>
  <testcase classname="SeleniumTest.ExtentReportsDemowithTestNG" name="test1" time="3.537"/>
</testsuite> <!-- SeleniumTest.ExtentReportsDemowithTestNG -->
