<?xml version="1.0" encoding="UTF-8"?>
<!-- Generated by org.testng.reporters.JUnitReportReporter -->
<testsuite hostname="DESKTOP-U33RH9G" failures="0" tests="3" name="listeners.TestNGListenersDemo2" time="0.013" errors="0" timestamp="2023-10-10T11:20:29 NZDT" skipped="1">
  <testcase classname="listeners.TestNGListenersDemo2" name="test6" time="0.003">
    <skipped/>
  </testcase> <!-- test6 -->
  <testcase classname="listeners.TestNGListenersDemo2" name="test4" time="0.003"/>
  <testcase classname="listeners.TestNGListenersDemo2" name="test5" time="0.007"/>
</testsuite> <!-- listeners.TestNGListenersDemo2 -->
